<?xml version="1.0" encoding="UTF-8"?>
<!-- Generated by org.testng.reporters.JUnitXMLReporter -->
<testsuite ignored="0" hostname="DESKTOP-J7J8192" failures="0" tests="8" name="Test" time="56.127" errors="0" timestamp="2025-07-25T12:00:41 EDT">
  <testcase classname="testSce.HandlingDynData" name="dyndata" time="6.1"/>
  <testcase classname="testSce.ThruTextFile1" name="readFromTextFile" time="0.015"/>
  <testcase classname="testSce.SwitchingWindows" name="switchWin" time="7.427"/>
  <testcase classname="testSce.CompareWebText" name="readFrmTextFile" time="0.062"/>
  <testcase classname="testSce.CompareWebText" name="readFrmWeb" time="32.236"/>
  <testcase classname="testSce.CompareWebText" name="compareBoth" time="0.007"/>
  <testcase classname="testSce.MouseHover" name="mouseHover" time="3.464"/>
  <testcase classname="testSce.MouseHover" name="datePicker" time="6.606"/>
</testsuite> <!-- Test -->
