<?xml version="1.0" encoding="UTF-8"?>
<testng-results ignored="0" total="2" passed="2" failed="0" skipped="0">
  <reporter-output>
  </reporter-output>
  <suite started-at="2025-07-25T12:22:40 EDT" name="Suite" finished-at="2025-07-25T12:22:47 EDT" duration-ms="6983">
    <groups>
    </groups>
    <test started-at="2025-07-25T12:22:40 EDT" name="Test" finished-at="2025-07-25T12:22:47 EDT" duration-ms="6983">
      <class name="testSce.HandlingDynData">
        <test-method signature="dyndata()[pri:0, instance:testSce.HandlingDynData@619713e5]" started-at="2025-07-25T12:22:40 EDT" name="dyndata" finished-at="2025-07-25T12:22:47 EDT" duration-ms="6852" status="PASS">
          <reporter-output>
          </reporter-output>
        </test-method> <!-- dyndata -->
      </class> <!-- testSce.HandlingDynData -->
      <class name="testSce.ThruTextFile1">
        <test-method signature="readFromTextFile()[pri:0, instance:testSce.ThruTextFile1@16ec5519]" started-at="2025-07-25T12:22:47 EDT" name="readFromTextFile" finished-at="2025-07-25T12:22:47 EDT" duration-ms="5" status="PASS">
          <reporter-output>
          </reporter-output>
        </test-method> <!-- readFromTextFile -->
      </class> <!-- testSce.ThruTextFile1 -->
    </test> <!-- Test -->
  </suite> <!-- Suite -->
</testng-results>
