<?xml version="1.0" encoding="UTF-8"?>
<testng-results ignored="0" total="1" passed="1" failed="0" skipped="0">
  <reporter-output>
  </reporter-output>
  <suite started-at="2025-07-24T11:40:36 EDT" name="Default suite" finished-at="2025-07-24T11:41:27 EDT" duration-ms="51160">
    <groups>
    </groups>
    <test started-at="2025-07-24T11:40:36 EDT" name="Default test" finished-at="2025-07-24T11:41:27 EDT" duration-ms="51160">
      <class name="testSce.readFrmWeb2">
        <test-method signature="readWebTable()[pri:0, instance:testSce.readFrmWeb2@48f2bd5b]" started-at="2025-07-24T11:40:36 EDT" name="readWebTable" finished-at="2025-07-24T11:41:27 EDT" duration-ms="51048" status="PASS">
          <reporter-output>
          </reporter-output>
        </test-method> <!-- readWebTable -->
      </class> <!-- testSce.readFrmWeb2 -->
    </test> <!-- Default test -->
  </suite> <!-- Default suite -->
</testng-results>
