<?xml version="1.0" encoding="UTF-8"?>
<testng-results ignored="0" total="8" passed="8" failed="0" skipped="0">
  <reporter-output>
  </reporter-output>
  <suite started-at="2025-07-25T11:59:45 EDT" name="Suite" finished-at="2025-07-25T12:00:41 EDT" duration-ms="56127">
    <groups>
    </groups>
    <test started-at="2025-07-25T11:59:45 EDT" name="Test" finished-at="2025-07-25T12:00:41 EDT" duration-ms="56127">
      <class name="testSce.CompareWebText">
        <test-method signature="readFrmTextFile()[pri:1, instance:testSce.CompareWebText@41d477ed]" started-at="2025-07-25T11:59:59 EDT" name="readFrmTextFile" finished-at="2025-07-25T11:59:59 EDT" duration-ms="62" status="PASS">
          <reporter-output>
          </reporter-output>
        </test-method> <!-- readFrmTextFile -->
        <test-method signature="readFrmWeb()[pri:2, instance:testSce.CompareWebText@41d477ed]" started-at="2025-07-25T11:59:59 EDT" name="readFrmWeb" finished-at="2025-07-25T12:00:31 EDT" duration-ms="32236" status="PASS">
          <reporter-output>
          </reporter-output>
        </test-method> <!-- readFrmWeb -->
        <test-method signature="compareBoth()[pri:3, instance:testSce.CompareWebText@41d477ed]" started-at="2025-07-25T12:00:31 EDT" name="compareBoth" finished-at="2025-07-25T12:00:31 EDT" duration-ms="7" status="PASS">
          <reporter-output>
          </reporter-output>
        </test-method> <!-- compareBoth -->
      </class> <!-- testSce.CompareWebText -->
      <class name="testSce.MouseHover">
        <test-method signature="mouseHover()[pri:1, instance:testSce.MouseHover@3590fc5b]" started-at="2025-07-25T12:00:31 EDT" name="mouseHover" finished-at="2025-07-25T12:00:35 EDT" duration-ms="3464" status="PASS">
          <reporter-output>
          </reporter-output>
        </test-method> <!-- mouseHover -->
        <test-method signature="datePicker()[pri:2, instance:testSce.MouseHover@3590fc5b]" started-at="2025-07-25T12:00:35 EDT" name="datePicker" finished-at="2025-07-25T12:00:41 EDT" duration-ms="6606" status="PASS">
          <reporter-output>
          </reporter-output>
        </test-method> <!-- datePicker -->
      </class> <!-- testSce.MouseHover -->
      <class name="testSce.HandlingDynData">
        <test-method signature="dyndata()[pri:0, instance:testSce.HandlingDynData@77888435]" started-at="2025-07-25T11:59:45 EDT" name="dyndata" finished-at="2025-07-25T11:59:52 EDT" duration-ms="6100" status="PASS">
          <reporter-output>
          </reporter-output>
        </test-method> <!-- dyndata -->
      </class> <!-- testSce.HandlingDynData -->
      <class name="testSce.SwitchingWindows">
        <test-method signature="switchWin()[pri:0, instance:testSce.SwitchingWindows@78691363]" started-at="2025-07-25T11:59:52 EDT" name="switchWin" finished-at="2025-07-25T11:59:59 EDT" duration-ms="7427" status="PASS">
          <reporter-output>
          </reporter-output>
        </test-method> <!-- switchWin -->
      </class> <!-- testSce.SwitchingWindows -->
      <class name="testSce.ThruTextFile1">
        <test-method signature="readFromTextFile()[pri:0, instance:testSce.ThruTextFile1@1bb5a082]" started-at="2025-07-25T11:59:52 EDT" name="readFromTextFile" finished-at="2025-07-25T11:59:52 EDT" duration-ms="15" status="PASS">
          <reporter-output>
          </reporter-output>
        </test-method> <!-- readFromTextFile -->
      </class> <!-- testSce.ThruTextFile1 -->
    </test> <!-- Test -->
  </suite> <!-- Suite -->
</testng-results>
